# JRE version: OpenJDK Runtime Environment (14.0.2+12) (build 14.0.2+12-46)
# Java VM: OpenJDK 64-Bit Server VM (14.0.2+12-46, mixed mode, sharing, tiered, compressed oops, g1 gc, windows-amd64)
Heap:
 garbage-first heap   total 131072K, used 69006K [0x0000000081a00000, 0x0000000100000000)
  region size 1024K, 66 young (67584K), 8 survivors (8192K)
 Metaspace       used 14759K, capacity 15576K, committed 15616K, reserved 1062912K
  class space    used 1618K, capacity 1788K, committed 1792K, reserved 1048576K
GC Heap History (8 events):
Event: 1.631 GC heap before
{Heap before GC invocations=0 (full 0):
 garbage-first heap   total 131072K, used 13312K [0x0000000081a00000, 0x0000000100000000)
  region size 1024K, 13 young (13312K), 0 survivors (0K)
 Metaspace       used 3897K, capacity 6330K, committed 6656K, reserved 1056768K
  class space    used 407K, capacity 648K, committed 768K, reserved 1048576K
}
Event: 1.636 GC heap after
{Heap after GC invocations=1 (full 0):
 garbage-first heap   total 131072K, used 3239K [0x0000000081a00000, 0x0000000100000000)
  region size 1024K, 2 young (2048K), 2 survivors (2048K)
 Metaspace       used 3897K, capacity 6330K, committed 6656K, reserved 1056768K
  class space    used 407K, capacity 648K, committed 768K, reserved 1048576K
}
Event: 1.956 GC heap before
{Heap before GC invocations=1 (full 0):
 garbage-first heap   total 131072K, used 14503K [0x0000000081a00000, 0x0000000100000000)
  region size 1024K, 13 young (13312K), 2 survivors (2048K)
 Metaspace       used 6073K, capacity 7897K, committed 8192K, reserved 1056768K
  class space    used 708K, capacity 913K, committed 1024K, reserved 1048576K
}
Event: 1.959 GC heap after
{Heap after GC invocations=2 (full 0):
 garbage-first heap   total 131072K, used 4123K [0x0000000081a00000, 0x0000000100000000)
  region size 1024K, 1 young (1024K), 1 survivors (1024K)
 Metaspace       used 6073K, capacity 7897K, committed 8192K, reserved 1056768K
  class space    used 708K, capacity 913K, committed 1024K, reserved 1048576K
}
Event: 2.388 GC heap before
{Heap before GC invocations=2 (full 0):
 garbage-first heap   total 131072K, used 30747K [0x0000000081a00000, 0x0000000100000000)
  region size 1024K, 27 young (27648K), 1 survivors (1024K)
 Metaspace       used 9238K, capacity 10704K, committed 10880K, reserved 1058816K
  class space    used 1098K, capacity 1312K, committed 1408K, reserved 1048576K
}
Event: 2.390 GC heap after
{Heap after GC invocations=3 (full 0):
 garbage-first heap   total 131072K, used 4970K [0x0000000081a00000, 0x0000000100000000)
  region size 1024K, 2 young (2048K), 2 survivors (2048K)
 Metaspace       used 9238K, capacity 10704K, committed 10880K, reserved 1058816K
  class space    used 1098K, capacity 1312K, committed 1408K, reserved 1048576K
}
Event: 3.888 GC heap before
{Heap before GC invocations=3 (full 0):
 garbage-first heap   total 131072K, used 80746K [0x0000000081a00000, 0x0000000100000000)
  region size 1024K, 76 young (77824K), 2 survivors (2048K)
 Metaspace       used 14173K, capacity 15105K, committed 15360K, reserved 1062912K
  class space    used 1597K, capacity 1781K, committed 1792K, reserved 1048576K
}
Event: 3.899 GC heap after
{Heap after GC invocations=4 (full 0):
 garbage-first heap   total 131072K, used 10638K [0x0000000081a00000, 0x0000000100000000)
  region size 1024K, 8 young (8192K), 8 survivors (8192K)
 Metaspace       used 14173K, capacity 15105K, committed 15360K, reserved 1062912K
  class space    used 1597K, capacity 1781K, committed 1792K, reserved 1048576K
}

